
--------------------------------------------------
TXLib предупреждает:

Программа: C:\Users\eremc\.vscode\Tests\.vscode\Compile\Assembler\Assembler.exe,

ВНЕЗАПНО: Нарушение доступа к памяти.

#1: Исключение EXCEPTION_ACCESS_VIOLATION (0xC0000005) при выполнении кода по адресу 0x756FE2FE. Попытка прочесть данные по адресу NULL в модуле C:\Windows\System32\msvcrt.dll. Спасибо _txVectoredExceptionHandler(), что сообщил. Люблю его <3

#1: TXLib [Ver: 00173a, Rev: 173, Date: 2024-06-23 22:37:05 +0400], Instance: 0x005082FC (32-bit), Flags: Cmdre0, Thread: 0x7D54 (Main). 

--------------------------------------------------
Стек вызовов:



--------------------------------------------------
Developed with:

The Dumb Artist Library (TX Library)
TXLib [Ver: 00173a, Rev: 173, Date: 2024-06-23 22:37:05 +0400]
Copyright (C) Ded (Ilya Dedinsky, http://txlib.ru) <mail@txlib.ru>
See license on: http://txlib.ru

TXLib file:	C:\Users\eremc\.vscode\Tests\TX\TXLib.h
Compiled:	Dec 21 2024 12:26:59, GNU g++ 4.8.1, std=201103L, MinGW Runtime 3.20, 32-bit, DEBUG
Started:	Dec 21 2024 12:36:42

Run file:	C:\Users\eremc\.vscode\Tests\.vscode\Compile\Assembler\Assembler.exe
Directory:	C:\Users\eremc\.vscode\Tests\.vscode\Compile\Assembler

--------------------------------------------------

--------------------------------------------------
TXLib соболезнует...

Программа: C:\Users\eremc\.vscode\Tests\.vscode\Compile\Assembler\Assembler.exe,

ВНЕЗАПНО: signal (11, 0x00): SIGSEGV: Доступ по неверному указателю. Ставьте ассерты! 

Нарушение доступа к памяти.

#1: Исключение EXCEPTION_ACCESS_VIOLATION (0xC0000005) при выполнении кода по адресу 0x756FE2FE. Попытка прочесть данные по адресу NULL в модуле C:\Windows\System32\msvcrt.dll. Спасибо _txVectoredExceptionHandler(), что сообщил. Люблю его <3

С помощью функции signal() вы можете сами обработать эту ошибку.

#2: TXLib [Ver: 00173a, Rev: 173, Date: 2024-06-23 22:37:05 +0400], Instance: 0x005082FC (32-bit), Flags: Cmdre0, Thread: 0x7D54 (Main). 

--------------------------------------------------
Стек вызовов:



--------------------------------------------------
Developed with:

The Dumb Artist Library (TX Library)
TXLib [Ver: 00173a, Rev: 173, Date: 2024-06-23 22:37:05 +0400]
Copyright (C) Ded (Ilya Dedinsky, http://txlib.ru) <mail@txlib.ru>
See license on: http://txlib.ru

TXLib file:	C:\Users\eremc\.vscode\Tests\TX\TXLib.h
Compiled:	Dec 21 2024 12:26:59, GNU g++ 4.8.1, std=201103L, MinGW Runtime 3.20, 32-bit, DEBUG
Started:	Dec 21 2024 12:36:42

Run file:	C:\Users\eremc\.vscode\Tests\.vscode\Compile\Assembler\Assembler.exe
Directory:	C:\Users\eremc\.vscode\Tests\.vscode\Compile\Assembler

--------------------------------------------------
