
--------------------------------------------------
TXLib предупреждает:

Программа: C:\Users\eremc\.vscode\Tests\.vscode\Compile\SPU\Stack.exe,

ВНЕЗАПНО: Нарушение доступа к памяти.

#1: Исключение EXCEPTION_ACCESS_VIOLATION (0xC0000005) при выполнении кода по адресу 0x0042C5F1. Попытка записать данные по адресу NULL в модуле C:\Users\eremc\.vscode\Tests\.vscode\Compile\SPU\Stack.exe. Спасибо _txVectoredExceptionHandler(), что сообщил. Люблю его <3

#1: TXLib [Ver: 00173a, Rev: 173, Date: 2024-06-23 22:37:05 +0400], Instance: 0x005082FC (32-bit), Flags: Cmdre0, Thread: 0x6690 (Main), GetLastError(): 183 (Невозможно создать файл, так как он уже существует). 

--------------------------------------------------
Стек вызовов:



--------------------------------------------------
Developed with:

The Dumb Artist Library (TX Library)
TXLib [Ver: 00173a, Rev: 173, Date: 2024-06-23 22:37:05 +0400]
Copyright (C) Ded (Ilya Dedinsky, http://txlib.ru) <mail@txlib.ru>
See license on: http://txlib.ru

TXLib file:	C:\Users\eremc\.vscode\Tests\TX\TXLib.h
Compiled:	Oct 30 2024 16:58:46, GNU g++ 4.8.1, std=201103L, MinGW Runtime 3.20, 32-bit, DEBUG
Started:	Oct 30 2024 16:59:00

Run file:	C:\Users\eremc\.vscode\Tests\.vscode\Compile\SPU\Stack.exe
Directory:	C:\Users\eremc\.vscode\Tests\.vscode\Compile\SPU

--------------------------------------------------

--------------------------------------------------
TXLib соболезнует...

Программа: C:\Users\eremc\.vscode\Tests\.vscode\Compile\SPU\Stack.exe,

ВНЕЗАПНО: signal (11, 0x00): SIGSEGV: Доступ по неверному указателю. Ставьте ассерты! 

Нарушение доступа к памяти.

#1: Исключение EXCEPTION_ACCESS_VIOLATION (0xC0000005) при выполнении кода по адресу 0x0042C5F1. Попытка записать данные по адресу NULL в модуле C:\Users\eremc\.vscode\Tests\.vscode\Compile\SPU\Stack.exe. Спасибо _txVectoredExceptionHandler(), что сообщил. Люблю его <3

С помощью функции signal() вы можете сами обработать эту ошибку.

#2: TXLib [Ver: 00173a, Rev: 173, Date: 2024-06-23 22:37:05 +0400], Instance: 0x005082FC (32-bit), Flags: Cmdre0, Thread: 0x6690 (Main), GetLastError(): 183 (Невозможно создать файл, так как он уже существует). 

--------------------------------------------------
Стек вызовов:



--------------------------------------------------
Developed with:

The Dumb Artist Library (TX Library)
TXLib [Ver: 00173a, Rev: 173, Date: 2024-06-23 22:37:05 +0400]
Copyright (C) Ded (Ilya Dedinsky, http://txlib.ru) <mail@txlib.ru>
See license on: http://txlib.ru

TXLib file:	C:\Users\eremc\.vscode\Tests\TX\TXLib.h
Compiled:	Oct 30 2024 16:58:46, GNU g++ 4.8.1, std=201103L, MinGW Runtime 3.20, 32-bit, DEBUG
Started:	Oct 30 2024 16:59:00

Run file:	C:\Users\eremc\.vscode\Tests\.vscode\Compile\SPU\Stack.exe
Directory:	C:\Users\eremc\.vscode\Tests\.vscode\Compile\SPU

--------------------------------------------------

--------------------------------------------------
TXLib предупреждает:

Программа: C:\Users\eremc\.vscode\Tests\.vscode\Compile\SPU\Stack.exe,

ВНЕЗАПНО: Нарушение доступа к памяти.

#1: Исключение EXCEPTION_ACCESS_VIOLATION (0xC0000005) при выполнении кода по адресу 0x0042C5F1. Попытка записать данные по адресу NULL в модуле C:\Users\eremc\.vscode\Tests\.vscode\Compile\SPU\Stack.exe. Спасибо _txVectoredExceptionHandler(), что сообщил. Люблю его <3

#1: TXLib [Ver: 00173a, Rev: 173, Date: 2024-06-23 22:37:05 +0400], Instance: 0x005082FC (32-bit), Flags: Cmdre0, Thread: 0x8DB4 (Main), GetLastError(): 183 (Невозможно создать файл, так как он уже существует). 

--------------------------------------------------
Стек вызовов:



--------------------------------------------------
Developed with:

The Dumb Artist Library (TX Library)
TXLib [Ver: 00173a, Rev: 173, Date: 2024-06-23 22:37:05 +0400]
Copyright (C) Ded (Ilya Dedinsky, http://txlib.ru) <mail@txlib.ru>
See license on: http://txlib.ru

TXLib file:	C:\Users\eremc\.vscode\Tests\TX\TXLib.h
Compiled:	Oct 30 2024 16:58:46, GNU g++ 4.8.1, std=201103L, MinGW Runtime 3.20, 32-bit, DEBUG
Started:	Oct 30 2024 18:57:00

Run file:	C:\Users\eremc\.vscode\Tests\.vscode\Compile\SPU\Stack.exe
Directory:	C:\Users\eremc\.vscode\Tests\.vscode\Compile\SPU

--------------------------------------------------

--------------------------------------------------
TXLib соболезнует...

Программа: C:\Users\eremc\.vscode\Tests\.vscode\Compile\SPU\Stack.exe,

ВНЕЗАПНО: signal (11, 0x00): SIGSEGV: Доступ по неверному указателю. Ставьте ассерты! 

Нарушение доступа к памяти.

#1: Исключение EXCEPTION_ACCESS_VIOLATION (0xC0000005) при выполнении кода по адресу 0x0042C5F1. Попытка записать данные по адресу NULL в модуле C:\Users\eremc\.vscode\Tests\.vscode\Compile\SPU\Stack.exe. Спасибо _txVectoredExceptionHandler(), что сообщил. Люблю его <3

С помощью функции signal() вы можете сами обработать эту ошибку.

#2: TXLib [Ver: 00173a, Rev: 173, Date: 2024-06-23 22:37:05 +0400], Instance: 0x005082FC (32-bit), Flags: Cmdre0, Thread: 0x8DB4 (Main), GetLastError(): 183 (Невозможно создать файл, так как он уже существует). 

--------------------------------------------------
Стек вызовов:



--------------------------------------------------
Developed with:

The Dumb Artist Library (TX Library)
TXLib [Ver: 00173a, Rev: 173, Date: 2024-06-23 22:37:05 +0400]
Copyright (C) Ded (Ilya Dedinsky, http://txlib.ru) <mail@txlib.ru>
See license on: http://txlib.ru

TXLib file:	C:\Users\eremc\.vscode\Tests\TX\TXLib.h
Compiled:	Oct 30 2024 16:58:46, GNU g++ 4.8.1, std=201103L, MinGW Runtime 3.20, 32-bit, DEBUG
Started:	Oct 30 2024 18:57:00

Run file:	C:\Users\eremc\.vscode\Tests\.vscode\Compile\SPU\Stack.exe
Directory:	C:\Users\eremc\.vscode\Tests\.vscode\Compile\SPU

--------------------------------------------------

--------------------------------------------------
TXLib предупреждает:

Программа: C:\Users\eremc\.vscode\Tests\.vscode\Compile\SPU\Stack.exe,

ВНЕЗАПНО: Нарушение доступа к памяти.

#2: Исключение EXCEPTION_ACCESS_VIOLATION (0xC0000005) при выполнении кода по адресу 0x77CD7448. Попытка прочесть данные по адресу 0x00000001 в модуле C:\Windows\SYSTEM32\ntdll.dll. Спасибо _txVectoredExceptionHandler(), что сообщил. Люблю его <3

#2: TXLib [Ver: 00173a, Rev: 173, Date: 2024-06-23 22:37:05 +0400], Instance: 0x005082FC (32-bit), Flags: Cmdre0, Thread: 0x3004 (Main), GetLastError(): 183 (Невозможно создать файл, так как он уже существует). 

--------------------------------------------------
Стек вызовов:



--------------------------------------------------
Developed with:

The Dumb Artist Library (TX Library)
TXLib [Ver: 00173a, Rev: 173, Date: 2024-06-23 22:37:05 +0400]
Copyright (C) Ded (Ilya Dedinsky, http://txlib.ru) <mail@txlib.ru>
See license on: http://txlib.ru

TXLib file:	C:\Users\eremc\.vscode\Tests\TX\TXLib.h
Compiled:	Oct 30 2024 16:58:46, GNU g++ 4.8.1, std=201103L, MinGW Runtime 3.20, 32-bit, DEBUG
Started:	Oct 30 2024 18:58:49

Run file:	C:\Users\eremc\.vscode\Tests\.vscode\Compile\SPU\Stack.exe
Directory:	C:\Users\eremc\.vscode\Tests\.vscode\Compile\SPU

--------------------------------------------------

--------------------------------------------------
TXLib соболезнует...

Программа: C:\Users\eremc\.vscode\Tests\.vscode\Compile\SPU\Stack.exe,

ВНЕЗАПНО: signal (11, 0x00): SIGSEGV: Доступ по неверному указателю. Ставьте ассерты! 

Нарушение доступа к памяти.

#2: Исключение EXCEPTION_ACCESS_VIOLATION (0xC0000005) при выполнении кода по адресу 0x77CD7448. Попытка прочесть данные по адресу 0x00000001 в модуле C:\Windows\SYSTEM32\ntdll.dll. Спасибо _txVectoredExceptionHandler(), что сообщил. Люблю его <3

С помощью функции signal() вы можете сами обработать эту ошибку.

#3: TXLib [Ver: 00173a, Rev: 173, Date: 2024-06-23 22:37:05 +0400], Instance: 0x005082FC (32-bit), Flags: Cmdre0, Thread: 0x3004 (Main), GetLastError(): 183 (Невозможно создать файл, так как он уже существует). 

--------------------------------------------------
Стек вызовов:



--------------------------------------------------
Developed with:

The Dumb Artist Library (TX Library)
TXLib [Ver: 00173a, Rev: 173, Date: 2024-06-23 22:37:05 +0400]
Copyright (C) Ded (Ilya Dedinsky, http://txlib.ru) <mail@txlib.ru>
See license on: http://txlib.ru

TXLib file:	C:\Users\eremc\.vscode\Tests\TX\TXLib.h
Compiled:	Oct 30 2024 16:58:46, GNU g++ 4.8.1, std=201103L, MinGW Runtime 3.20, 32-bit, DEBUG
Started:	Oct 30 2024 18:58:49

Run file:	C:\Users\eremc\.vscode\Tests\.vscode\Compile\SPU\Stack.exe
Directory:	C:\Users\eremc\.vscode\Tests\.vscode\Compile\SPU

--------------------------------------------------

--------------------------------------------------
TXLib предупреждает:

Программа: C:\Users\eremc\.vscode\Tests\.vscode\Compile\SPU\Stack.exe,

ВНЕЗАПНО: Нарушение доступа к памяти.

#2: Исключение EXCEPTION_ACCESS_VIOLATION (0xC0000005) при выполнении кода по адресу 0x77CD7475. Попытка прочесть данные по адресу 0x00000007 в модуле C:\Windows\SYSTEM32\ntdll.dll. Спасибо _txVectoredExceptionHandler(), что сообщил. Люблю его <3

#2: TXLib [Ver: 00173a, Rev: 173, Date: 2024-06-23 22:37:05 +0400], Instance: 0x005082FC (32-bit), Flags: Cmdre0, Thread: 0x73C4 (Main), GetLastError(): 183 (Невозможно создать файл, так как он уже существует). 

--------------------------------------------------
Стек вызовов:



--------------------------------------------------
Developed with:

The Dumb Artist Library (TX Library)
TXLib [Ver: 00173a, Rev: 173, Date: 2024-06-23 22:37:05 +0400]
Copyright (C) Ded (Ilya Dedinsky, http://txlib.ru) <mail@txlib.ru>
See license on: http://txlib.ru

TXLib file:	C:\Users\eremc\.vscode\Tests\TX\TXLib.h
Compiled:	Oct 30 2024 16:58:46, GNU g++ 4.8.1, std=201103L, MinGW Runtime 3.20, 32-bit, DEBUG
Started:	Oct 30 2024 18:59:08

Run file:	C:\Users\eremc\.vscode\Tests\.vscode\Compile\SPU\Stack.exe
Directory:	C:\Users\eremc\.vscode\Tests\.vscode\Compile\SPU

--------------------------------------------------

--------------------------------------------------
TXLib соболезнует...

Программа: C:\Users\eremc\.vscode\Tests\.vscode\Compile\SPU\Stack.exe,

ВНЕЗАПНО: signal (11, 0x00): SIGSEGV: Доступ по неверному указателю. Ставьте ассерты! 

Нарушение доступа к памяти.

#2: Исключение EXCEPTION_ACCESS_VIOLATION (0xC0000005) при выполнении кода по адресу 0x77CD7475. Попытка прочесть данные по адресу 0x00000007 в модуле C:\Windows\SYSTEM32\ntdll.dll. Спасибо _txVectoredExceptionHandler(), что сообщил. Люблю его <3

С помощью функции signal() вы можете сами обработать эту ошибку.

#3: TXLib [Ver: 00173a, Rev: 173, Date: 2024-06-23 22:37:05 +0400], Instance: 0x005082FC (32-bit), Flags: Cmdre0, Thread: 0x73C4 (Main), GetLastError(): 183 (Невозможно создать файл, так как он уже существует). 

--------------------------------------------------
Стек вызовов:



--------------------------------------------------
Developed with:

The Dumb Artist Library (TX Library)
TXLib [Ver: 00173a, Rev: 173, Date: 2024-06-23 22:37:05 +0400]
Copyright (C) Ded (Ilya Dedinsky, http://txlib.ru) <mail@txlib.ru>
See license on: http://txlib.ru

TXLib file:	C:\Users\eremc\.vscode\Tests\TX\TXLib.h
Compiled:	Oct 30 2024 16:58:46, GNU g++ 4.8.1, std=201103L, MinGW Runtime 3.20, 32-bit, DEBUG
Started:	Oct 30 2024 18:59:08

Run file:	C:\Users\eremc\.vscode\Tests\.vscode\Compile\SPU\Stack.exe
Directory:	C:\Users\eremc\.vscode\Tests\.vscode\Compile\SPU

--------------------------------------------------

--------------------------------------------------
TXLib предупреждает:

Программа: C:\Users\eremc\.vscode\Tests\.vscode\Compile\SPU\Stack.exe,

ВНЕЗАПНО: Нарушение доступа к памяти.

#1: Исключение EXCEPTION_ACCESS_VIOLATION (0xC0000005) при выполнении кода по адресу 0x0042C5F1. Попытка записать данные по адресу NULL в модуле C:\Users\eremc\.vscode\Tests\.vscode\Compile\SPU\Stack.exe. Спасибо _txVectoredExceptionHandler(), что сообщил. Люблю его <3

#1: TXLib [Ver: 00173a, Rev: 173, Date: 2024-06-23 22:37:05 +0400], Instance: 0x005082FC (32-bit), Flags: Cmdre0, Thread: 0x8F88 (Main), GetLastError(): 183 (Невозможно создать файл, так как он уже существует). 

--------------------------------------------------
Стек вызовов:



--------------------------------------------------
Developed with:

The Dumb Artist Library (TX Library)
TXLib [Ver: 00173a, Rev: 173, Date: 2024-06-23 22:37:05 +0400]
Copyright (C) Ded (Ilya Dedinsky, http://txlib.ru) <mail@txlib.ru>
See license on: http://txlib.ru

TXLib file:	C:\Users\eremc\.vscode\Tests\TX\TXLib.h
Compiled:	Oct 30 2024 16:58:46, GNU g++ 4.8.1, std=201103L, MinGW Runtime 3.20, 32-bit, DEBUG
Started:	Oct 30 2024 18:59:53

Run file:	C:\Users\eremc\.vscode\Tests\.vscode\Compile\SPU\Stack.exe
Directory:	C:\Users\eremc\.vscode\Tests\.vscode\Compile\SPU

--------------------------------------------------

--------------------------------------------------
TXLib соболезнует...

Программа: C:\Users\eremc\.vscode\Tests\.vscode\Compile\SPU\Stack.exe,

ВНЕЗАПНО: signal (11, 0x00): SIGSEGV: Доступ по неверному указателю. Ставьте ассерты! 

Нарушение доступа к памяти.

#1: Исключение EXCEPTION_ACCESS_VIOLATION (0xC0000005) при выполнении кода по адресу 0x0042C5F1. Попытка записать данные по адресу NULL в модуле C:\Users\eremc\.vscode\Tests\.vscode\Compile\SPU\Stack.exe. Спасибо _txVectoredExceptionHandler(), что сообщил. Люблю его <3

С помощью функции signal() вы можете сами обработать эту ошибку.

#2: TXLib [Ver: 00173a, Rev: 173, Date: 2024-06-23 22:37:05 +0400], Instance: 0x005082FC (32-bit), Flags: Cmdre0, Thread: 0x8F88 (Main), GetLastError(): 183 (Невозможно создать файл, так как он уже существует). 

--------------------------------------------------
Стек вызовов:



--------------------------------------------------
Developed with:

The Dumb Artist Library (TX Library)
TXLib [Ver: 00173a, Rev: 173, Date: 2024-06-23 22:37:05 +0400]
Copyright (C) Ded (Ilya Dedinsky, http://txlib.ru) <mail@txlib.ru>
See license on: http://txlib.ru

TXLib file:	C:\Users\eremc\.vscode\Tests\TX\TXLib.h
Compiled:	Oct 30 2024 16:58:46, GNU g++ 4.8.1, std=201103L, MinGW Runtime 3.20, 32-bit, DEBUG
Started:	Oct 30 2024 18:59:53

Run file:	C:\Users\eremc\.vscode\Tests\.vscode\Compile\SPU\Stack.exe
Directory:	C:\Users\eremc\.vscode\Tests\.vscode\Compile\SPU

--------------------------------------------------

--------------------------------------------------
TXLib предупреждает:

Программа: C:\Users\eremc\.vscode\Tests\.vscode\Compile\SPU\Stack.exe,

ВНЕЗАПНО: Нарушение доступа к памяти.

#1: Исключение EXCEPTION_ACCESS_VIOLATION (0xC0000005) при выполнении кода по адресу 0x0042C5F1. Попытка записать данные по адресу NULL в модуле C:\Users\eremc\.vscode\Tests\.vscode\Compile\SPU\Stack.exe. Спасибо _txVectoredExceptionHandler(), что сообщил. Люблю его <3

#1: TXLib [Ver: 00173a, Rev: 173, Date: 2024-06-23 22:37:05 +0400], Instance: 0x005082FC (32-bit), Flags: Cmdre0, Thread: 0x7FE0 (Main), GetLastError(): 183 (Невозможно создать файл, так как он уже существует). 

--------------------------------------------------
Стек вызовов:



--------------------------------------------------
Developed with:

The Dumb Artist Library (TX Library)
TXLib [Ver: 00173a, Rev: 173, Date: 2024-06-23 22:37:05 +0400]
Copyright (C) Ded (Ilya Dedinsky, http://txlib.ru) <mail@txlib.ru>
See license on: http://txlib.ru

TXLib file:	C:\Users\eremc\.vscode\Tests\TX\TXLib.h
Compiled:	Oct 30 2024 16:58:46, GNU g++ 4.8.1, std=201103L, MinGW Runtime 3.20, 32-bit, DEBUG
Started:	Oct 30 2024 19:00:23

Run file:	C:\Users\eremc\.vscode\Tests\.vscode\Compile\SPU\Stack.exe
Directory:	C:\Users\eremc\.vscode\Tests\.vscode\Compile\SPU

--------------------------------------------------

--------------------------------------------------
TXLib соболезнует...

Программа: C:\Users\eremc\.vscode\Tests\.vscode\Compile\SPU\Stack.exe,

ВНЕЗАПНО: signal (11, 0x00): SIGSEGV: Доступ по неверному указателю. Ставьте ассерты! 

Нарушение доступа к памяти.

#1: Исключение EXCEPTION_ACCESS_VIOLATION (0xC0000005) при выполнении кода по адресу 0x0042C5F1. Попытка записать данные по адресу NULL в модуле C:\Users\eremc\.vscode\Tests\.vscode\Compile\SPU\Stack.exe. Спасибо _txVectoredExceptionHandler(), что сообщил. Люблю его <3

С помощью функции signal() вы можете сами обработать эту ошибку.

#2: TXLib [Ver: 00173a, Rev: 173, Date: 2024-06-23 22:37:05 +0400], Instance: 0x005082FC (32-bit), Flags: Cmdre0, Thread: 0x7FE0 (Main), GetLastError(): 183 (Невозможно создать файл, так как он уже существует). 

--------------------------------------------------
Стек вызовов:



--------------------------------------------------
Developed with:

The Dumb Artist Library (TX Library)
TXLib [Ver: 00173a, Rev: 173, Date: 2024-06-23 22:37:05 +0400]
Copyright (C) Ded (Ilya Dedinsky, http://txlib.ru) <mail@txlib.ru>
See license on: http://txlib.ru

TXLib file:	C:\Users\eremc\.vscode\Tests\TX\TXLib.h
Compiled:	Oct 30 2024 16:58:46, GNU g++ 4.8.1, std=201103L, MinGW Runtime 3.20, 32-bit, DEBUG
Started:	Oct 30 2024 19:00:23

Run file:	C:\Users\eremc\.vscode\Tests\.vscode\Compile\SPU\Stack.exe
Directory:	C:\Users\eremc\.vscode\Tests\.vscode\Compile\SPU

--------------------------------------------------

--------------------------------------------------
TXLib предупреждает:

Программа: C:\Users\eremc\.vscode\Tests\.vscode\Compile\SPU\Stack.exe,

ВНЕЗАПНО: Нарушение доступа к памяти.

#1: Исключение EXCEPTION_ACCESS_VIOLATION (0xC0000005) при выполнении кода по адресу 0x0042C5F1. Попытка записать данные по адресу NULL в модуле C:\Users\eremc\.vscode\Tests\.vscode\Compile\SPU\Stack.exe. Спасибо _txVectoredExceptionHandler(), что сообщил. Люблю его <3

#1: TXLib [Ver: 00173a, Rev: 173, Date: 2024-06-23 22:37:05 +0400], Instance: 0x005082FC (32-bit), Flags: Cmdre0, Thread: 0x7AB4 (Main), GetLastError(): 183 (Невозможно создать файл, так как он уже существует). 

--------------------------------------------------
Стек вызовов:



--------------------------------------------------
Developed with:

The Dumb Artist Library (TX Library)
TXLib [Ver: 00173a, Rev: 173, Date: 2024-06-23 22:37:05 +0400]
Copyright (C) Ded (Ilya Dedinsky, http://txlib.ru) <mail@txlib.ru>
See license on: http://txlib.ru

TXLib file:	C:\Users\eremc\.vscode\Tests\TX\TXLib.h
Compiled:	Oct 30 2024 16:58:46, GNU g++ 4.8.1, std=201103L, MinGW Runtime 3.20, 32-bit, DEBUG
Started:	Oct 30 2024 19:01:16

Run file:	C:\Users\eremc\.vscode\Tests\.vscode\Compile\SPU\Stack.exe
Directory:	C:\Users\eremc\.vscode\Tests\.vscode\Compile\SPU

--------------------------------------------------

--------------------------------------------------
TXLib соболезнует...

Программа: C:\Users\eremc\.vscode\Tests\.vscode\Compile\SPU\Stack.exe,

ВНЕЗАПНО: signal (11, 0x00): SIGSEGV: Доступ по неверному указателю. Ставьте ассерты! 

Нарушение доступа к памяти.

#1: Исключение EXCEPTION_ACCESS_VIOLATION (0xC0000005) при выполнении кода по адресу 0x0042C5F1. Попытка записать данные по адресу NULL в модуле C:\Users\eremc\.vscode\Tests\.vscode\Compile\SPU\Stack.exe. Спасибо _txVectoredExceptionHandler(), что сообщил. Люблю его <3

С помощью функции signal() вы можете сами обработать эту ошибку.

#2: TXLib [Ver: 00173a, Rev: 173, Date: 2024-06-23 22:37:05 +0400], Instance: 0x005082FC (32-bit), Flags: Cmdre0, Thread: 0x7AB4 (Main), GetLastError(): 183 (Невозможно создать файл, так как он уже существует). 

--------------------------------------------------
Стек вызовов:



--------------------------------------------------
Developed with:

The Dumb Artist Library (TX Library)
TXLib [Ver: 00173a, Rev: 173, Date: 2024-06-23 22:37:05 +0400]
Copyright (C) Ded (Ilya Dedinsky, http://txlib.ru) <mail@txlib.ru>
See license on: http://txlib.ru

TXLib file:	C:\Users\eremc\.vscode\Tests\TX\TXLib.h
Compiled:	Oct 30 2024 16:58:46, GNU g++ 4.8.1, std=201103L, MinGW Runtime 3.20, 32-bit, DEBUG
Started:	Oct 30 2024 19:01:16

Run file:	C:\Users\eremc\.vscode\Tests\.vscode\Compile\SPU\Stack.exe
Directory:	C:\Users\eremc\.vscode\Tests\.vscode\Compile\SPU

--------------------------------------------------
